#! /c/Source/iverilog-install/bin/vvp
:ivl_version "12.0 (devel)" "(s20150603-1539-g2693dd32b)";
:ivl_delay_selection "TYPICAL";
:vpi_time_precision + 0;
:vpi_module "C:\iverilog\lib\ivl\system.vpi";
:vpi_module "C:\iverilog\lib\ivl\vhdl_sys.vpi";
:vpi_module "C:\iverilog\lib\ivl\vhdl_textio.vpi";
:vpi_module "C:\iverilog\lib\ivl\v2005_math.vpi";
:vpi_module "C:\iverilog\lib\ivl\va_math.vpi";
S_0000022993cdc9c0 .scope module, "multiplier_tb" "multiplier_tb" 2 3;
 .timescale 0 0;
v0000022993d3f6a0_0 .net "final", 31 0, L_0000022993d3f380;  1 drivers
v0000022993d3e3e0_0 .var "in1", 31 0;
v0000022993d3f420_0 .var "in2", 31 0;
S_0000022993dbddc0 .scope module, "dut" "multiplier" 2 7, 3 1 0, S_0000022993cdc9c0;
 .timescale 0 0;
    .port_info 0 /INPUT 32 "in1";
    .port_info 1 /INPUT 32 "in2";
    .port_info 2 /OUTPUT 32 "final";
L_0000022993cd5610 .functor XOR 1, L_0000022993d3d940, L_0000022993d3f1a0, C4<0>, C4<0>;
v0000022993cdc180_0 .net "E1", 7 0, L_0000022993d3f740;  1 drivers
v0000022993cdc7c0_0 .net "E2", 7 0, L_0000022993d3dbc0;  1 drivers
v0000022993cdc400_0 .net "M1", 22 0, L_0000022993d3eb60;  1 drivers
v0000022993cdc860_0 .net "M2", 22 0, L_0000022993d3e2a0;  1 drivers
L_0000022993d3f868 .functor BUFT 1, C4<0>, C4<0>, C4<0>, C4<0>;
v0000022993cdbbe0_0 .net *"_ivl_11", 0 0, L_0000022993d3f868;  1 drivers
v0000022993cdc5e0_0 .net *"_ivl_12", 8 0, L_0000022993d3e480;  1 drivers
L_0000022993d3f8b0 .functor BUFT 1, C4<0>, C4<0>, C4<0>, C4<0>;
v0000022993cdc4a0_0 .net *"_ivl_15", 0 0, L_0000022993d3f8b0;  1 drivers
L_0000022993d3f8f8 .functor BUFT 1, C4<001111111>, C4<0>, C4<0>, C4<0>;
v0000022993cdbb40_0 .net/2u *"_ivl_18", 8 0, L_0000022993d3f8f8;  1 drivers
v0000022993cdbc80_0 .net *"_ivl_25", 7 0, L_0000022993d3d9e0;  1 drivers
v0000022993cdc900_0 .net *"_ivl_26", 47 0, L_0000022993d3e840;  1 drivers
L_0000022993d3f940 .functor BUFT 1, C4<0000000000000000000000000>, C4<0>, C4<0>, C4<0>;
v0000022993cdc540_0 .net *"_ivl_29", 24 0, L_0000022993d3f940;  1 drivers
v0000022993cdc220_0 .net *"_ivl_30", 47 0, L_0000022993d3eca0;  1 drivers
L_0000022993d3f988 .functor BUFT 1, C4<0000000000000000000000000>, C4<0>, C4<0>, C4<0>;
v0000022993cdba00_0 .net *"_ivl_33", 24 0, L_0000022993d3f988;  1 drivers
v0000022993cdc680_0 .net *"_ivl_39", 22 0, L_0000022993d3eac0;  1 drivers
v0000022993cdc0e0_0 .net *"_ivl_47", 0 0, L_0000022993cd5610;  1 drivers
v0000022993cdc720_0 .net *"_ivl_8", 8 0, L_0000022993d3e160;  1 drivers
v0000022993cdbd20_0 .net "eigth_bit_adder", 8 0, L_0000022993d3d8a0;  1 drivers
v0000022993cdbf00_0 .net "final", 31 0, L_0000022993d3f380;  alias, 1 drivers
v0000022993cdc2c0_0 .net "in1", 31 0, v0000022993d3e3e0_0;  1 drivers
v0000022993cdbdc0_0 .net "in2", 31 0, v0000022993d3f420_0;  1 drivers
v0000022993cdbfa0_0 .net "multi", 47 0, L_0000022993d3e520;  1 drivers
v0000022993cdbe60_0 .net "nine_bit_sub", 8 0, L_0000022993d3f4c0;  1 drivers
v0000022993cdc040_0 .net "s1", 0 0, L_0000022993d3d940;  1 drivers
v0000022993cdc360_0 .net "s2", 0 0, L_0000022993d3f1a0;  1 drivers
L_0000022993d3eb60 .part v0000022993d3e3e0_0, 0, 23;
L_0000022993d3e2a0 .part v0000022993d3f420_0, 0, 23;
L_0000022993d3f740 .part v0000022993d3e3e0_0, 23, 8;
L_0000022993d3dbc0 .part v0000022993d3f420_0, 23, 8;
L_0000022993d3e160 .concat [ 8 1 0 0], L_0000022993d3f740, L_0000022993d3f868;
L_0000022993d3e480 .concat [ 8 1 0 0], L_0000022993d3dbc0, L_0000022993d3f8b0;
L_0000022993d3d8a0 .arith/sum 9, L_0000022993d3e160, L_0000022993d3e480;
L_0000022993d3f4c0 .arith/sub 9, L_0000022993d3d8a0, L_0000022993d3f8f8;
L_0000022993d3d9e0 .part L_0000022993d3f4c0, 0, 8;
L_0000022993d3e840 .concat [ 23 25 0 0], L_0000022993d3eb60, L_0000022993d3f940;
L_0000022993d3eca0 .concat [ 23 25 0 0], L_0000022993d3e2a0, L_0000022993d3f988;
L_0000022993d3e520 .arith/mult 48, L_0000022993d3e840, L_0000022993d3eca0;
L_0000022993d3eac0 .part L_0000022993d3e520, 0, 23;
L_0000022993d3d940 .part v0000022993d3e3e0_0, 31, 1;
L_0000022993d3f1a0 .part v0000022993d3f420_0, 31, 1;
L_0000022993d3f380 .concat8 [ 23 8 1 0], L_0000022993d3eac0, L_0000022993d3d9e0, L_0000022993cd5610;
    .scope S_0000022993cdc9c0;
T_0 ;
    %pushi/vec4 1065353216, 0, 32;
    %store/vec4 v0000022993d3e3e0_0, 0, 32;
    %pushi/vec4 1073741824, 0, 32;
    %store/vec4 v0000022993d3f420_0, 0, 32;
    %delay 10, 0;
    %pushi/vec4 3221225472, 0, 32;
    %store/vec4 v0000022993d3e3e0_0, 0, 32;
    %pushi/vec4 1073741824, 0, 32;
    %store/vec4 v0000022993d3f420_0, 0, 32;
    %delay 10, 0;
    %pushi/vec4 1077936128, 0, 32;
    %store/vec4 v0000022993d3e3e0_0, 0, 32;
    %pushi/vec4 1077936128, 0, 32;
    %store/vec4 v0000022993d3f420_0, 0, 32;
    %delay 10, 0;
    %pushi/vec4 1065353216, 0, 32;
    %store/vec4 v0000022993d3e3e0_0, 0, 32;
    %pushi/vec4 0, 0, 32;
    %store/vec4 v0000022993d3f420_0, 0, 32;
    %delay 10, 0;
    %pushi/vec4 2139095040, 0, 32;
    %store/vec4 v0000022993d3e3e0_0, 0, 32;
    %pushi/vec4 1065353216, 0, 32;
    %store/vec4 v0000022993d3f420_0, 0, 32;
    %delay 10, 0;
    %pushi/vec4 2139095040, 0, 32;
    %store/vec4 v0000022993d3e3e0_0, 0, 32;
    %pushi/vec4 2139095040, 0, 32;
    %store/vec4 v0000022993d3f420_0, 0, 32;
    %delay 10, 0;
    %pushi/vec4 2139095040, 0, 32;
    %store/vec4 v0000022993d3e3e0_0, 0, 32;
    %pushi/vec4 4286578688, 0, 32;
    %store/vec4 v0000022993d3f420_0, 0, 32;
    %delay 10, 0;
    %pushi/vec4 4294967295, 0, 32;
    %store/vec4 v0000022993d3e3e0_0, 0, 32;
    %pushi/vec4 1065353216, 0, 32;
    %store/vec4 v0000022993d3f420_0, 0, 32;
    %delay 10, 0;
    %vpi_call 2 46 "$finish" {0 0 0};
    %end;
    .thread T_0;
    .scope S_0000022993cdc9c0;
T_1 ;
    %vpi_call 2 49 "$dumpfile", "top_dump.vcd" {0 0 0};
    %vpi_call 2 50 "$dumpvars", 32'sb00000000000000000000000000000000 {0 0 0};
    %end;
    .thread T_1;
# The file index is used to find the file name in the following table.
:file_names 4;
    "N/A";
    "<interactive>";
    "Multiplier_tb.v";
    "./Multiplier.v";
